<?xml version="1.0" encoding="UTF-8"?>
<testsuite name="UserRepositoryTest" tests="1" skipped="0" failures="0" errors="0" timestamp="2021-11-22T12:48:53" hostname="YAUHENIYATARASE" time="0.286">
  <properties/>
  <testcase name="Meth" classname="UserRepositoryTest" time="0.286"/>
  <system-out><![CDATA[]]></system-out>
  <system-err><![CDATA[]]></system-err>
</testsuite>
